WARNING 2020-06-14 20:09:41,384 - Model Score for asset <WS30>: 1179.1121160153195
WARNING 2020-06-14 20:09:41,384 - Model Converged: True
WARNING 2020-06-14 20:09:41,384 - Model History: deque([1179.103982725153, 1179.109045076662], maxlen=2)
WARNING 2020-06-14 20:09:41,459 - Model Score for asset <XAUUSD>: 4085.140025232516
WARNING 2020-06-14 20:09:41,459 - Model Converged: True
WARNING 2020-06-14 20:09:41,459 - Model History: deque([4084.673243892692, 4084.90432363956], maxlen=2)
WARNING 2020-06-14 20:09:41,522 - Model Score for asset <GDAXIm>: 1589.2851430378873
WARNING 2020-06-14 20:09:41,522 - Model Converged: True
WARNING 2020-06-14 20:09:41,522 - Model History: deque([1589.1847991719408, 1589.2399726382605], maxlen=2)
WARNING 2020-06-14 20:09:41,577 - Model Score for asset <EURUSD>: 709.5000678148051
WARNING 2020-06-14 20:09:41,577 - Model Converged: True
WARNING 2020-06-14 20:09:41,577 - Model History: deque([709.4688942285509, 709.4859042635932], maxlen=2)
WARNING 2020-06-14 20:09:41,645 - Model Score for asset <GBPJPY>: 3249.9494930783053
WARNING 2020-06-14 20:09:41,645 - Model Converged: True
WARNING 2020-06-14 20:09:41,645 - Model History: deque([3249.8850139773626, 3249.917387648594], maxlen=2)
WARNING 2020-06-14 20:09:41,647 - [_saveDataFrames] - Looping for asset <WS30>...
WARNING 2020-06-14 20:09:41,650 - [_saveDataFrames] - Looping for asset <XAUUSD>...
WARNING 2020-06-14 20:09:41,658 - [_saveDataFrames] - Looping for asset <GDAXIm>...
WARNING 2020-06-14 20:09:41,664 - [_saveDataFrames] - Looping for asset <EURUSD>...
WARNING 2020-06-14 20:09:41,667 - [_saveDataFrames] - Looping for asset <GBPJPY>...
WARNING 2020-06-14 20:09:41,673 - [_plotModelOutput] - Looping for asset <WS30>...
WARNING 2020-06-14 20:11:06,232 - [_plotModelOutput] - Looping for asset <XAUUSD>...
[_plotModelOutput] - Looping for asset <XAUUSD>...
